<?xml version="1.0" encoding="utf-8" standalone="no"?>
<!--This file represents the results of running a test suite-->
<test-results name="D:\GitHub\RssFeeder\UnitTest\bin\Debug\UnitTest.dll" total="1" errors="0" failures="0" not-run="0" inconclusive="0" ignored="0" skipped="0" invalid="0" date="2012-11-23" time="11:39:07">
  <environment nunit-version="2.5.9.10348" clr-version="2.0.50727.5456" os-version="Microsoft Windows NT 6.1.7601 Service Pack 1" platform="Win32NT" cwd="C:\Windows\system32" machine-name="DESKTOP0373" user="agreen" user-domain="DEVELOPMENT" />
  <culture-info current-culture="en-GB" current-uiculture="en-US" />
  <test-suite type="Assembly" name="D:\GitHub\RssFeeder\UnitTest\bin\Debug\UnitTest.dll" executed="True" result="Success" success="True" time="0.310" asserts="0">
    <results>
      <test-suite type="Namespace" name="UnitTest" executed="True" result="Success" success="True" time="0.298" asserts="0">
        <results>
          <test-suite type="TestFixture" name="BasicTest" executed="True" result="Success" success="True" time="0.275" asserts="0">
            <results>
              <test-case name="UnitTest.BasicTest.1 + 1 should equal 2" executed="True" result="Success" success="True" time="0.043" asserts="1" />
            </results>
          </test-suite>
        </results>
      </test-suite>
    </results>
  </test-suite>
</test-results>